Terminais não utilizados na gramática

   ID
   FLOAT
   COMMA
   COLON
   SEMICOLON
   LPAREN
   RPAREN
   LBRACK
   RBRACK
   LBRACE
   RBRACE
   DOT
   PLUS
   MINUS
   TIMES
   DIVIDE
   EQ
   NEQ
   LT
   LE
   GT
   GE
   AND
   OR
   ASSIGN
   ARRAY
   IF
   THEN
   ELSE
   WHILE
   FOR
   TO
   DO
   LET
   IN
   END
   OF
   BREAK
   NIL
   FUNCTION
   VAR
   TYPE
   PROCEDURE
   PALAVRA_RESER
   IMPORT
   PRIMITIVO


Gramática

    0 $accept: program $end

    1 program: exp

    2 exp: STRING
    3    | INT


Terminais, com as regras onde eles aparecem

$end (0) 0
error (256)
ID (258)
STRING (259) 2
INT (260) 3
FLOAT (261)
COMMA (262)
COLON (263)
SEMICOLON (264)
LPAREN (265)
RPAREN (266)
LBRACK (267)
RBRACK (268)
LBRACE (269)
RBRACE (270)
DOT (271)
PLUS (272)
MINUS (273)
TIMES (274)
DIVIDE (275)
EQ (276)
NEQ (277)
LT (278)
LE (279)
GT (280)
GE (281)
AND (282)
OR (283)
ASSIGN (284)
ARRAY (285)
IF (286)
THEN (287)
ELSE (288)
WHILE (289)
FOR (290)
TO (291)
DO (292)
LET (293)
IN (294)
END (295)
OF (296)
BREAK (297)
NIL (298)
FUNCTION (299)
VAR (300)
TYPE (301)
PROCEDURE (302)
PALAVRA_RESER (303)
IMPORT (304)
PRIMITIVO (305)


Não-terminais com as regras onde eles aparecem

$accept (51)
    à esquerda: 0
program (52)
    à esquerda: 1, à direita: 0
exp (53)
    à esquerda: 2 3, à direita: 1


State 0

    0 $accept: . program $end

    STRING  deslocar, e ir ao estado 1
    INT     deslocar, e ir ao estado 2

    program  ir ao estado 3
    exp      ir ao estado 4


State 1

    2 exp: STRING .

    $padrão  reduzir usando a regra 2 (exp)


State 2

    3 exp: INT .

    $padrão  reduzir usando a regra 3 (exp)


State 3

    0 $accept: program . $end

    $end  deslocar, e ir ao estado 5


State 4

    1 program: exp .

    $padrão  reduzir usando a regra 1 (program)


State 5

    0 $accept: program $end .

    $padrão  aceitar
